Using pre-set license
Built from '2020.3/staging' branch; Version is '2020.3.3f1 (76626098c1c4) revision 7758432'; Using compiler version '192528614'; Build Type 'Release'
OS: 'Windows 10 Home; OS build 19043.1526; Version 2009; 64bit' Language: 'ru' Physical Memory: 10178 MB
BatchMode: 1, IsHumanControllingUs: 0, StartBugReporterOnCrash: 0, Is64bit: 1, IsPro: 0

 COMMAND LINE ARGUMENTS:
C:\Program Files\Unity\Hub\Editor\2020.3.3f1\Editor\Unity.exe
-adb2
-batchMode
-noUpm
-name
AssetImportWorker0
-projectPath
C:/Users/pablo/Bird_day
-logFile
Logs/AssetImportWorker0.log
-srvPort
59495
Successfully changed project path to: C:/Users/pablo/Bird_day
C:/Users/pablo/Bird_day
Using Asset Import Pipeline V2.
Refreshing native plugins compatible for Editor in 45.49 ms, found 1 plugins.
Preloading 0 native plugins for Editor in 0.00 ms.
Initialize engine version: 2020.3.3f1 (76626098c1c4)
[Subsystems] Discovering subsystems at path C:/Program Files/Unity/Hub/Editor/2020.3.3f1/Editor/Data/Resources/UnitySubsystems
[Subsystems] Discovering subsystems at path C:/Users/pablo/Bird_day/Assets
GfxDevice: creating device client; threaded=0
Direct3D:
    Version:  Direct3D 11.0 [level 11.1]
    Renderer: AMD Radeon(TM) Vega 8 Graphics (ID=0x15d8)
    Vendor:   
    VRAM:     5089 MB
    Driver:   27.20.11036.3
Initialize mono
Mono path[0] = 'C:/Program Files/Unity/Hub/Editor/2020.3.3f1/Editor/Data/Managed'
Mono path[1] = 'C:/Program Files/Unity/Hub/Editor/2020.3.3f1/Editor/Data/MonoBleedingEdge/lib/mono/unityjit'
Mono config path = 'C:/Program Files/Unity/Hub/Editor/2020.3.3f1/Editor/Data/MonoBleedingEdge/etc'
Using monoOptions --debugger-agent=transport=dt_socket,embedding=1,server=y,suspend=n,address=127.0.0.1:56436
Begin MonoManager ReloadAssembly
Registering precompiled unity dll's ...
Register platform support module: C:/Program Files/Unity/Hub/Editor/2020.3.3f1/Editor/Data/PlaybackEngines/WebGLSupport/UnityEditor.WebGL.Extensions.dll
Register platform support module: C:/Program Files/Unity/Hub/Editor/2020.3.3f1/Editor/Data/PlaybackEngines/WindowsStandaloneSupport/UnityEditor.WindowsStandalone.Extensions.dll
Registered in 0.003407 seconds.
Native extension for WindowsStandalone target not found
Native extension for WebGL target not found
Refreshing native plugins compatible for Editor in 45.97 ms, found 1 plugins.
Preloading 0 native plugins for Editor in 0.00 ms.
Invoked RoslynAnalysisRunner static constructor.
RoslynAnalysisRunner will not be running.
RoslynAnalysisRunner has terminated.
Mono: successfully reloaded assembly
- Completed reload, in  3.126 seconds
Platform modules already initialized, skipping
Registering precompiled user dll's ...
Registered in 0.001356 seconds.
Begin MonoManager ReloadAssembly
Native extension for WindowsStandalone target not found
Native extension for WebGL target not found
Refreshing native plugins compatible for Editor in 49.86 ms, found 1 plugins.
Preloading 0 native plugins for Editor in 0.00 ms.
Invoked RoslynAnalysisRunner static constructor.
RoslynAnalysisRunner will not be running.
RoslynAnalysisRunner has terminated.
Mono: successfully reloaded assembly
- Completed reload, in  1.515 seconds
Platform modules already initialized, skipping
========================================================================
Worker process is ready to serve import requests
Launched and connected shader compiler UnityShaderCompiler.exe after 0.06 seconds
Refreshing native plugins compatible for Editor in 0.47 ms, found 1 plugins.
Preloading 0 native plugins for Editor in 0.00 ms.
Unloading 1814 Unused Serialized files (Serialized files now loaded: 0)
System memory in use before: 85.4 MB.
System memory in use after: 85.3 MB.

Unloading 24 unused Assets to reduce memory usage. Loaded Objects now: 2259.
Total: 3.412900 ms (FindLiveObjects: 0.247600 ms CreateObjectMapping: 0.059500 ms MarkObjects: 2.906100 ms  DeleteObjects: 0.197600 ms)

========================================================================
Received Import Request.
  path: Assets/Scenes/birds.unity
  artifactKey: Guid(2cda990e2423bbf4892e6590ba056729) Importer(815301076,1909f56bfc062723c751e8b465ee728b)
Start importing Assets/Scenes/birds.unity using Guid(2cda990e2423bbf4892e6590ba056729) Importer(815301076,1909f56bfc062723c751e8b465ee728b)  -> (artifact id: 'cc8752a8c6d7a753a79ab6f1f9254c26') in 0.031339 seconds
  Import took 0.035868 seconds .

========================================================================
Received Import Request.
  Time since last request: 191.002195 seconds.
  path: Assets/amogus-real.png
  artifactKey: Guid(41c7cfc2d18601349af5c034b334cc5c) Importer(815301076,1909f56bfc062723c751e8b465ee728b)
Start importing Assets/amogus-real.png using Guid(41c7cfc2d18601349af5c034b334cc5c) Importer(815301076,1909f56bfc062723c751e8b465ee728b)  -> (artifact id: '3367d28973e5c4dc3195776f34d3d022') in 0.186573 seconds
  Import took 0.191789 seconds .

========================================================================
Received Import Request.
  Time since last request: 52.068968 seconds.
  path: Assets/amogus-real.png
  artifactKey: Guid(41c7cfc2d18601349af5c034b334cc5c) Importer(815301076,1909f56bfc062723c751e8b465ee728b)
Start importing Assets/amogus-real.png using Guid(41c7cfc2d18601349af5c034b334cc5c) Importer(815301076,1909f56bfc062723c751e8b465ee728b)  -> (artifact id: '0e246840e528c2468268a59c1568cae8') in 0.029765 seconds
  Import took 0.034599 seconds .

========================================================================
Received Import Request.
  Time since last request: 0.018989 seconds.
  path: Assets/amogus-real.png
  artifactKey: Guid(41c7cfc2d18601349af5c034b334cc5c) Importer(815301076,1909f56bfc062723c751e8b465ee728b)
Start importing Assets/amogus-real.png using Guid(41c7cfc2d18601349af5c034b334cc5c) Importer(815301076,1909f56bfc062723c751e8b465ee728b)  -> (artifact id: '0e246840e528c2468268a59c1568cae8') in 0.031913 seconds
  Import took 0.037094 seconds .

========================================================================
Received Import Request.
  Time since last request: 201.065435 seconds.
  path: Assets/amogus 1.jpg
  artifactKey: Guid(4fff847064f7eda4cbcd0c025e894dfd) Importer(815301076,1909f56bfc062723c751e8b465ee728b)
Start importing Assets/amogus 1.jpg using Guid(4fff847064f7eda4cbcd0c025e894dfd) Importer(815301076,1909f56bfc062723c751e8b465ee728b)  -> (artifact id: '9359f141f7ff1dbe1f776e44c0192f36') in 0.037395 seconds
  Import took 0.043235 seconds .

========================================================================
Received Import Request.
  Time since last request: 9.124763 seconds.
  path: Assets/amogus.prefab
  artifactKey: Guid(8bcf6c7305644b649b0c4bbd265eb9fd) Importer(815301076,1909f56bfc062723c751e8b465ee728b)
Start importing Assets/amogus.prefab using Guid(8bcf6c7305644b649b0c4bbd265eb9fd) Importer(815301076,1909f56bfc062723c751e8b465ee728b)  -> (artifact id: '3ae0e3580d778ccc33f5015c9eddc36f') in 0.101527 seconds
  Import took 0.109552 seconds .

========================================================================
Received Import Request.
  Time since last request: 110.009395 seconds.
  path: Assets/amogus 2.jpg
  artifactKey: Guid(e272c78f893b8b646a25f6480ecbeed0) Importer(815301076,1909f56bfc062723c751e8b465ee728b)
Start importing Assets/amogus 2.jpg using Guid(e272c78f893b8b646a25f6480ecbeed0) Importer(815301076,1909f56bfc062723c751e8b465ee728b)  -> (artifact id: '9a60e2b298e44c7ee0f0bc3d59e43d1f') in 0.026043 seconds
  Import took 0.030974 seconds .

========================================================================
Received Import Request.
  Time since last request: 9.576458 seconds.
  path: Assets/amogus.prefab
  artifactKey: Guid(8bcf6c7305644b649b0c4bbd265eb9fd) Importer(815301076,1909f56bfc062723c751e8b465ee728b)
Start importing Assets/amogus.prefab using Guid(8bcf6c7305644b649b0c4bbd265eb9fd) Importer(815301076,1909f56bfc062723c751e8b465ee728b)  -> (artifact id: 'e4e683f9deb1a8eef2e4742d8b8bae94') in 0.028223 seconds
  Import took 0.033688 seconds .

AssetImportWorkerClient::OnTransportError - code=2 error=End of file
